<?xml version="1.0" encoding="UTF-8"?>
<!-- Generated by org.testng.reporters.JUnitReportReporter -->
<testsuite skipped="0" hostname="DESKTOP-6QKVVDK" name="selenium.LoginTest" tests="3" failures="0" timestamp="2019-10-25T12:37:25 PKT" time="0.036" errors="0">
  <testcase name="doLogin" time="0.010" classname="selenium.LoginTest"/>
  <testcase name="doLogin" time="0.015" classname="selenium.LoginTest"/>
  <testcase name="doLogin" time="0.011" classname="selenium.LoginTest"/>
</testsuite> <!-- selenium.LoginTest -->
