<?xml version="1.0" encoding="UTF-8"?>
<!-- Generated by org.testng.reporters.JUnitReportReporter -->
<testsuite skipped="0" hostname="DESKTOP-6QKVVDK" name="selenium.Validations" tests="1" failures="0" timestamp="2019-10-25T12:37:25 PKT" time="0.001" errors="0">
  <testcase name="testApp" time="0.001" classname="selenium.Validations"/>
</testsuite> <!-- selenium.Validations -->
