<?xml version="1.0" encoding="UTF-8"?>
<!-- Generated by org.testng.reporters.JUnitReportReporter -->
<testsuite skipped="0" hostname="DESKTOP-6QKVVDK" name="selenium.CrossBrowserTest" tests="1" failures="0" timestamp="2019-10-28T15:52:18 PKT" time="3.356" errors="0">
  <testcase name="test1" time="3.356" classname="selenium.CrossBrowserTest"/>
</testsuite> <!-- selenium.CrossBrowserTest -->
